[debug] [2023-08-08T00:28:53.700Z] ----------------------------------------------------------------------
[debug] [2023-08-08T00:28:53.702Z] Command:       /usr/local/bin/firebase /Users/vitoriavictor/.cache/firebase/tools/lib/node_modules/firebase-tools/lib/bin/firebase init hosting
[debug] [2023-08-08T00:28:53.702Z] CLI Version:   12.4.7
[debug] [2023-08-08T00:28:53.702Z] Platform:      darwin
[debug] [2023-08-08T00:28:53.703Z] Node Version:  v16.16.0
[debug] [2023-08-08T00:28:53.708Z] Time:          Mon Aug 07 2023 21:28:53 GMT-0300 (GMT-03:00)
[debug] [2023-08-08T00:28:53.708Z] ----------------------------------------------------------------------
[debug] 
[debug] [2023-08-08T00:28:53.811Z] > command requires scopes: ["email","openid","https://www.googleapis.com/auth/cloudplatformprojects.readonly","https://www.googleapis.com/auth/firebase","https://www.googleapis.com/auth/cloud-platform"]
[debug] [2023-08-08T00:28:53.813Z] > authorizing via signed-in user (vitoriavictor@gmail.com)
[info] 
     ######## #### ########  ######## ########     ###     ######  ########
     ##        ##  ##     ## ##       ##     ##  ##   ##  ##       ##
     ######    ##  ########  ######   ########  #########  ######  ######
     ##        ##  ##    ##  ##       ##     ## ##     ##       ## ##
     ##       #### ##     ## ######## ########  ##     ##  ######  ########

You're about to initialize a Firebase project in this directory:

  /Users/vitoriavictor/Documents/LABORATORIA/SAP010-social-network

Before we get started, keep in mind:

  * You are initializing within an existing Firebase project directory

[info] 
=== Project Setup
[info] 
[info] First, let's associate this project directory with a Firebase project.
[info] You can create multiple project aliases by running firebase use --add, 
[info] but for now we'll just set up a default project.
[info] 
[debug] [2023-08-08T00:28:53.819Z] Using project from CLI flag: filmeredesocial
[debug] [2023-08-08T00:28:53.823Z] >>> [apiv2][query] GET https://firebase.googleapis.com/v1beta1/projects/filmeredesocial [none]
[debug] [2023-08-08T00:28:54.561Z] <<< [apiv2][status] GET https://firebase.googleapis.com/v1beta1/projects/filmeredesocial 200
[debug] [2023-08-08T00:28:54.567Z] <<< [apiv2][body] GET https://firebase.googleapis.com/v1beta1/projects/filmeredesocial {"projectId":"filmeredesocial","projectNumber":"151656769388","displayName":"Contraplano","name":"projects/filmeredesocial","resources":{"hostingSite":"filmeredesocial"},"state":"ACTIVE","etag":"1_5ef915e3-a1f6-4015-b84d-a220cd9b1d06"}
[info] i  Using project filmeredesocial (Contraplano) 
[info] 
=== Hosting Setup
[info] 
[info] Your public directory is the folder (relative to your project directory) that
[info] will contain Hosting assets to be uploaded with firebase deploy. If you
[info] have a build process for your assets, use your build's output directory.
[info] 
[debug] [2023-08-08T00:29:36.265Z] >>> [apiv2][query] GET https://www.gstatic.com/firebasejs/releases.json [none]
[debug] [2023-08-08T00:29:36.629Z] <<< [apiv2][status] GET https://www.gstatic.com/firebasejs/releases.json 200
[debug] [2023-08-08T00:29:36.634Z] <<< [apiv2][body] GET https://www.gstatic.com/firebasejs/releases.json {"current":{"version":"10.1.0","browserURL":"https://www.gstatic.com/firebasejs/10.1.0/firebase.js","packageURL":"https://www.gstatic.com/firebasejs/10.1.0/firebase.tgz"},"live":{"version":"10.1","browserURL":"https://www.gstatic.com/firebasejs/live/10.1/firebase.js","packageURL":"https://www.gstatic.com/firebasejs/live/10.1/firebase.tgz"},"components":{"analytics":"https://www.gstatic.com/firebasejs/10.1.0/firebase-analytics.js","app":"https://www.gstatic.com/firebasejs/10.1.0/firebase-app.js","app-check":"https://www.gstatic.com/firebasejs/10.1.0/firebase-app-check.js","auth":"https://www.gstatic.com/firebasejs/10.1.0/firebase-auth.js","auth/cordova":"https://www.gstatic.com/firebasejs/10.1.0/firebase-auth/cordova.js","functions":"https://www.gstatic.com/firebasejs/10.1.0/firebase-functions.js","firestore":"https://www.gstatic.com/firebasejs/10.1.0/firebase-firestore.js","firestore/lite":"https://www.gstatic.com/firebasejs/10.1.0/firebase-firestore/lite.js","installations":"https://www.gstatic.com/firebasejs/10.1.0/firebase-installations.js","storage":"https://www.gstatic.com/firebasejs/10.1.0/firebase-storage.js","performance":"https://www.gstatic.com/firebasejs/10.1.0/firebase-performance.js","remote-config":"https://www.gstatic.com/firebasejs/10.1.0/firebase-remote-config.js","messaging":"https://www.gstatic.com/firebasejs/10.1.0/firebase-messaging.js","messaging/sw":"https://www.gstatic.com/firebasejs/10.1.0/firebase-messaging/sw.js","database":"https://www.gstatic.com/firebasejs/10.1.0/firebase-database.js","firestore.memory":"https://www.gstatic.com/firebasejs/10.1.0/firebase-firestore.memory.js"}}
[info] ✔  Wrote deploy/index.html 
[info] 
[info] i  Detected a .git folder at /Users/vitoriavictor/Documents/LABORATORIA/SAP010-social-network 
[info] i  Authorizing with GitHub to upload your service account to a GitHub repository's secrets store. 
[info] 
[info] Visit this URL on this device to log in:
[info] https://github.com/login/oauth/authorize?client_id=89cf50f02ac6aaed3484&state=830973456&redirect_uri=http%3A%2F%2Flocalhost%3A9005&scope=read%3Auser%20repo%20public_repo
[info] 
[info] Waiting for authentication...
[debug] [2023-08-08T00:29:38.168Z] >>> [apiv2][query] POST https://github.com/login/oauth/access_token [none]
[debug] [2023-08-08T00:29:38.169Z] >>> [apiv2][body] POST https://github.com/login/oauth/access_token [stream]
[debug] [2023-08-08T00:29:38.630Z] <<< [apiv2][status] POST https://github.com/login/oauth/access_token 200
[debug] [2023-08-08T00:29:38.631Z] <<< [apiv2][body] POST https://github.com/login/oauth/access_token {"access_token":"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","token_type":"bearer","scope":"read:user,repo"}
[debug] [2023-08-08T00:29:38.656Z] >>> [apiv2][query] GET https://api.github.com/user [none]
[debug] [2023-08-08T00:29:39.250Z] <<< [apiv2][status] GET https://api.github.com/user 200
[debug] [2023-08-08T00:29:39.251Z] <<< [apiv2][body] GET https://api.github.com/user {"login":"vitoriavictor","id":109617775,"node_id":"U_kgDOBoiibw","avatar_url":"https://avatars.githubusercontent.com/u/109617775?v=4","gravatar_id":"","url":"https://api.github.com/users/vitoriavictor","html_url":"https://github.com/vitoriavictor","followers_url":"https://api.github.com/users/vitoriavictor/followers","following_url":"https://api.github.com/users/vitoriavictor/following{/other_user}","gists_url":"https://api.github.com/users/vitoriavictor/gists{/gist_id}","starred_url":"https://api.github.com/users/vitoriavictor/starred{/owner}{/repo}","subscriptions_url":"https://api.github.com/users/vitoriavictor/subscriptions","organizations_url":"https://api.github.com/users/vitoriavictor/orgs","repos_url":"https://api.github.com/users/vitoriavictor/repos","events_url":"https://api.github.com/users/vitoriavictor/events{/privacy}","received_events_url":"https://api.github.com/users/vitoriavictor/received_events","type":"User","site_admin":false,"name":"Vitória Victor","company":null,"blog":"","location":null,"email":null,"hireable":null,"bio":null,"twitter_username":null,"public_repos":3,"public_gists":0,"followers":12,"following":12,"created_at":"2022-07-19T16:53:56Z","updated_at":"2023-08-07T15:25:35Z","private_gists":0,"total_private_repos":2,"owned_private_repos":2,"disk_usage":2,"collaborators":0,"two_factor_authentication":false,"plan":{"name":"free","space":976562499,"collaborators":0,"private_repos":10000}}
[info] 
[info] ✔  Success! Logged into GitHub as vitoriavictor 
[info] 
